{"/Users/nx211/Projects/github/coreyalan.me/src/app/api/contact/route.ts": {"path":"/Users/nx211/Projects/github/coreyalan.me/src/app/api/contact/route.ts","statementMap":{"0":{"start":{"line":34,"column":0},"end":{"line":34,"column":7}},"1":{"start":{"line":1,"column":0},"end":{"line":1,"column":56}},"2":{"start":{"line":5,"column":0},"end":{"line":5,"column":40}},"3":{"start":{"line":6,"column":0},"end":{"line":6,"column":54}},"4":{"start":{"line":8,"column":0},"end":{"line":8,"column":43}},"5":{"start":{"line":9,"column":0},"end":{"line":9,"column":31}},"6":{"start":{"line":11,"column":23},"end":{"line":11,"column":43}},"7":{"start":{"line":12,"column":26},"end":{"line":12,"column":28}},"8":{"start":{"line":13,"column":21},"end":{"line":13,"column":22}},"9":{"start":{"line":35,"column":2},"end":{"line":94,"column":3}},"10":{"start":{"line":37,"column":4},"end":{"line":47,"column":5}},"11":{"start":{"line":38,"column":6},"end":{"line":38,"column":34}},"12":{"start":{"line":40,"column":6},"end":{"line":46,"column":8}},"13":{"start":{"line":49,"column":4},"end":{"line":74,"column":5}},"14":{"start":{"line":50,"column":28},"end":{"line":50,"column":61}},"15":{"start":{"line":52,"column":6},"end":{"line":56,"column":9}},"16":{"start":{"line":58,"column":6},"end":{"line":61,"column":8}},"17":{"start":{"line":63,"column":6},"end":{"line":72,"column":7}},"18":{"start":{"line":64,"column":8},"end":{"line":71,"column":10}},"19":{"start":{"line":68,"column":54},"end":{"line":68,"column":65}},"20":{"start":{"line":73,"column":6},"end":{"line":73,"column":28}},"21":{"start":{"line":76,"column":4},"end":{"line":84,"column":5}},"22":{"start":{"line":77,"column":6},"end":{"line":83,"column":8}},"23":{"start":{"line":86,"column":4},"end":{"line":86,"column":39}},"24":{"start":{"line":87,"column":4},"end":{"line":93,"column":6}}},"fnMap":{"0":{"name":"POST","decl":{"start":{"line":34,"column":22},"end":{"line":34,"column":26}},"loc":{"start":{"line":34,"column":47},"end":{"line":95,"column":1}}},"1":{"name":"(anonymous_1)","decl":{"start":{"line":68,"column":47},"end":{"line":68,"column":50}},"loc":{"start":{"line":68,"column":54},"end":{"line":68,"column":65}}}},"branchMap":{"0":{"loc":{"start":{"line":53,"column":12},"end":{"line":53,"column":62}},"type":"binary-expr","locations":[{"start":{"line":53,"column":12},"end":{"line":53,"column":37}},{"start":{"line":53,"column":41},"end":{"line":53,"column":62}}]},"1":{"loc":{"start":{"line":63,"column":6},"end":{"line":72,"column":7}},"type":"if","locations":[{"start":{"line":63,"column":6},"end":{"line":72,"column":7}}]},"2":{"loc":{"start":{"line":76,"column":4},"end":{"line":84,"column":5}},"type":"if","locations":[{"start":{"line":76,"column":4},"end":{"line":84,"column":5}}]},"3":{"loc":{"start":{"line":82,"column":18},"end":{"line":82,"column":41}},"type":"binary-expr","locations":[{"start":{"line":82,"column":18},"end":{"line":82,"column":34}},{"start":{"line":82,"column":38},"end":{"line":82,"column":41}}]}},"s":{"0":1,"1":1,"2":1,"3":1,"4":1,"5":1,"6":1,"7":1,"8":1,"9":4,"10":4,"11":4,"12":4,"13":0,"14":0,"15":0,"16":0,"17":0,"18":0,"19":0,"20":0,"21":0,"22":0,"23":0,"24":0},"f":{"0":4,"1":0},"b":{"0":[0,0],"1":[0],"2":[0],"3":[0,0]}}
,"/Users/nx211/Projects/github/coreyalan.me/src/components/forms/ContactForm.tsx": {"path":"/Users/nx211/Projects/github/coreyalan.me/src/components/forms/ContactForm.tsx","statementMap":{"0":{"start":{"line":21,"column":0},"end":{"line":21,"column":16}},"1":{"start":{"line":3,"column":0},"end":{"line":3,"column":33}},"2":{"start":{"line":14,"column":39},"end":{"line":19,"column":2}},"3":{"start":{"line":22,"column":34},"end":{"line":22,"column":57}},"4":{"start":{"line":23,"column":30},"end":{"line":23,"column":66}},"5":{"start":{"line":24,"column":42},"end":{"line":24,"column":57}},"6":{"start":{"line":25,"column":42},"end":{"line":25,"column":88}},"7":{"start":{"line":27,"column":23},"end":{"line":38,"column":3}},"8":{"start":{"line":28,"column":46},"end":{"line":28,"column":48}},"9":{"start":{"line":29,"column":4},"end":{"line":29,"column":66}},"10":{"start":{"line":29,"column":24},"end":{"line":29,"column":66}},"11":{"start":{"line":30,"column":4},"end":{"line":33,"column":5}},"12":{"start":{"line":30,"column":25},"end":{"line":30,"column":80}},"13":{"start":{"line":31,"column":9},"end":{"line":33,"column":5}},"14":{"start":{"line":32,"column":6},"end":{"line":32,"column":61}},"15":{"start":{"line":34,"column":4},"end":{"line":34,"column":72}},"16":{"start":{"line":34,"column":27},"end":{"line":34,"column":72}},"17":{"start":{"line":35,"column":4},"end":{"line":35,"column":75}},"18":{"start":{"line":35,"column":27},"end":{"line":35,"column":75}},"19":{"start":{"line":36,"column":4},"end":{"line":36,"column":25}},"20":{"start":{"line":37,"column":4},"end":{"line":37,"column":47}},"21":{"start":{"line":40,"column":23},"end":{"line":71,"column":3}},"22":{"start":{"line":41,"column":4},"end":{"line":41,"column":23}},"23":{"start":{"line":42,"column":4},"end":{"line":42,"column":32}},"24":{"start":{"line":42,"column":25},"end":{"line":42,"column":32}},"25":{"start":{"line":44,"column":4},"end":{"line":44,"column":26}},"26":{"start":{"line":45,"column":4},"end":{"line":45,"column":28}},"27":{"start":{"line":47,"column":4},"end":{"line":70,"column":5}},"28":{"start":{"line":48,"column":23},"end":{"line":54,"column":8}},"29":{"start":{"line":56,"column":19},"end":{"line":56,"column":40}},"30":{"start":{"line":58,"column":6},"end":{"line":60,"column":7}},"31":{"start":{"line":59,"column":8},"end":{"line":59,"column":66}},"32":{"start":{"line":62,"column":6},"end":{"line":62,"column":33}},"33":{"start":{"line":63,"column":6},"end":{"line":63,"column":33}},"34":{"start":{"line":64,"column":6},"end":{"line":64,"column":20}},"35":{"start":{"line":66,"column":6},"end":{"line":66,"column":31}},"36":{"start":{"line":67,"column":6},"end":{"line":67,"column":41}},"37":{"start":{"line":69,"column":6},"end":{"line":69,"column":29}},"38":{"start":{"line":73,"column":2},"end":{"line":195,"column":4}},"39":{"start":{"line":97,"column":12},"end":{"line":97,"column":63}},"40":{"start":{"line":98,"column":12},"end":{"line":102,"column":13}},"41":{"start":{"line":99,"column":32},"end":{"line":99,"column":45}},"42":{"start":{"line":100,"column":14},"end":{"line":100,"column":36}},"43":{"start":{"line":101,"column":14},"end":{"line":101,"column":35}},"44":{"start":{"line":122,"column":12},"end":{"line":122,"column":64}},"45":{"start":{"line":123,"column":12},"end":{"line":127,"column":13}},"46":{"start":{"line":124,"column":32},"end":{"line":124,"column":45}},"47":{"start":{"line":125,"column":14},"end":{"line":125,"column":37}},"48":{"start":{"line":126,"column":14},"end":{"line":126,"column":35}},"49":{"start":{"line":147,"column":12},"end":{"line":147,"column":66}},"50":{"start":{"line":148,"column":12},"end":{"line":152,"column":13}},"51":{"start":{"line":149,"column":32},"end":{"line":149,"column":45}},"52":{"start":{"line":150,"column":14},"end":{"line":150,"column":39}},"53":{"start":{"line":151,"column":14},"end":{"line":151,"column":35}},"54":{"start":{"line":171,"column":12},"end":{"line":171,"column":66}},"55":{"start":{"line":172,"column":12},"end":{"line":176,"column":13}},"56":{"start":{"line":173,"column":32},"end":{"line":173,"column":45}},"57":{"start":{"line":174,"column":14},"end":{"line":174,"column":39}},"58":{"start":{"line":175,"column":14},"end":{"line":175,"column":35}}},"fnMap":{"0":{"name":"ContactForm","decl":{"start":{"line":21,"column":16},"end":{"line":21,"column":27}},"loc":{"start":{"line":21,"column":27},"end":{"line":196,"column":1}}},"1":{"name":"(anonymous_1)","decl":{"start":{"line":27,"column":23},"end":{"line":27,"column":26}},"loc":{"start":{"line":27,"column":28},"end":{"line":38,"column":3}}},"2":{"name":"(anonymous_2)","decl":{"start":{"line":40,"column":23},"end":{"line":40,"column":28}},"loc":{"start":{"line":40,"column":52},"end":{"line":71,"column":3}}},"3":{"name":"(anonymous_3)","decl":{"start":{"line":96,"column":20},"end":{"line":96,"column":21}},"loc":{"start":{"line":96,"column":26},"end":{"line":103,"column":11}}},"4":{"name":"(anonymous_4)","decl":{"start":{"line":121,"column":20},"end":{"line":121,"column":21}},"loc":{"start":{"line":121,"column":26},"end":{"line":128,"column":11}}},"5":{"name":"(anonymous_5)","decl":{"start":{"line":146,"column":20},"end":{"line":146,"column":21}},"loc":{"start":{"line":146,"column":26},"end":{"line":153,"column":11}}},"6":{"name":"(anonymous_6)","decl":{"start":{"line":170,"column":20},"end":{"line":170,"column":21}},"loc":{"start":{"line":170,"column":26},"end":{"line":177,"column":11}}}},"branchMap":{"0":{"loc":{"start":{"line":29,"column":4},"end":{"line":29,"column":66}},"type":"if","locations":[{"start":{"line":29,"column":4},"end":{"line":29,"column":66}}]},"1":{"loc":{"start":{"line":30,"column":4},"end":{"line":33,"column":5}},"type":"if","locations":[{"start":{"line":30,"column":4},"end":{"line":33,"column":5}},{"start":{"line":31,"column":9},"end":{"line":33,"column":5}}]},"2":{"loc":{"start":{"line":31,"column":9},"end":{"line":33,"column":5}},"type":"if","locations":[{"start":{"line":31,"column":9},"end":{"line":33,"column":5}}]},"3":{"loc":{"start":{"line":34,"column":4},"end":{"line":34,"column":72}},"type":"if","locations":[{"start":{"line":34,"column":4},"end":{"line":34,"column":72}}]},"4":{"loc":{"start":{"line":35,"column":4},"end":{"line":35,"column":75}},"type":"if","locations":[{"start":{"line":35,"column":4},"end":{"line":35,"column":75}}]},"5":{"loc":{"start":{"line":42,"column":4},"end":{"line":42,"column":32}},"type":"if","locations":[{"start":{"line":42,"column":4},"end":{"line":42,"column":32}}]},"6":{"loc":{"start":{"line":58,"column":6},"end":{"line":60,"column":7}},"type":"if","locations":[{"start":{"line":58,"column":6},"end":{"line":60,"column":7}}]},"7":{"loc":{"start":{"line":59,"column":24},"end":{"line":59,"column":64}},"type":"binary-expr","locations":[{"start":{"line":59,"column":24},"end":{"line":59,"column":36}},{"start":{"line":59,"column":40},"end":{"line":59,"column":64}}]},"8":{"loc":{"start":{"line":75,"column":7},"end":{"line":78,"column":null}},"type":"binary-expr","locations":[{"start":{"line":75,"column":7},"end":{"line":75,"column":33}},{"start":{"line":76,"column":8},"end":{"line":77,"column":null}}]},"9":{"loc":{"start":{"line":81,"column":7},"end":{"line":84,"column":null}},"type":"binary-expr","locations":[{"start":{"line":81,"column":7},"end":{"line":81,"column":31}},{"start":{"line":82,"column":8},"end":{"line":83,"column":null}}]},"10":{"loc":{"start":{"line":98,"column":12},"end":{"line":102,"column":13}},"type":"if","locations":[{"start":{"line":98,"column":12},"end":{"line":102,"column":13}}]},"11":{"loc":{"start":{"line":105,"column":12},"end":{"line":105,"column":null}},"type":"cond-expr","locations":[{"start":{"line":105,"column":26},"end":{"line":105,"column":42}},{"start":{"line":105,"column":45},"end":{"line":105,"column":null}}]},"12":{"loc":{"start":{"line":109,"column":9},"end":{"line":109,"column":107}},"type":"binary-expr","locations":[{"start":{"line":109,"column":9},"end":{"line":109,"column":20}},{"start":{"line":109,"column":24},"end":{"line":109,"column":107}}]},"13":{"loc":{"start":{"line":123,"column":12},"end":{"line":127,"column":13}},"type":"if","locations":[{"start":{"line":123,"column":12},"end":{"line":127,"column":13}}]},"14":{"loc":{"start":{"line":130,"column":12},"end":{"line":130,"column":null}},"type":"cond-expr","locations":[{"start":{"line":130,"column":27},"end":{"line":130,"column":43}},{"start":{"line":130,"column":46},"end":{"line":130,"column":null}}]},"15":{"loc":{"start":{"line":134,"column":9},"end":{"line":134,"column":110}},"type":"binary-expr","locations":[{"start":{"line":134,"column":9},"end":{"line":134,"column":21}},{"start":{"line":134,"column":25},"end":{"line":134,"column":110}}]},"16":{"loc":{"start":{"line":148,"column":12},"end":{"line":152,"column":13}},"type":"if","locations":[{"start":{"line":148,"column":12},"end":{"line":152,"column":13}}]},"17":{"loc":{"start":{"line":155,"column":12},"end":{"line":155,"column":null}},"type":"cond-expr","locations":[{"start":{"line":155,"column":29},"end":{"line":155,"column":45}},{"start":{"line":155,"column":48},"end":{"line":155,"column":null}}]},"18":{"loc":{"start":{"line":159,"column":9},"end":{"line":159,"column":116}},"type":"binary-expr","locations":[{"start":{"line":159,"column":9},"end":{"line":159,"column":23}},{"start":{"line":159,"column":27},"end":{"line":159,"column":116}}]},"19":{"loc":{"start":{"line":172,"column":12},"end":{"line":176,"column":13}},"type":"if","locations":[{"start":{"line":172,"column":12},"end":{"line":176,"column":13}}]},"20":{"loc":{"start":{"line":180,"column":12},"end":{"line":180,"column":null}},"type":"cond-expr","locations":[{"start":{"line":180,"column":29},"end":{"line":180,"column":45}},{"start":{"line":180,"column":48},"end":{"line":180,"column":null}}]},"21":{"loc":{"start":{"line":184,"column":9},"end":{"line":184,"column":116}},"type":"binary-expr","locations":[{"start":{"line":184,"column":9},"end":{"line":184,"column":23}},{"start":{"line":184,"column":27},"end":{"line":184,"column":116}}]},"22":{"loc":{"start":{"line":192,"column":9},"end":{"line":192,"column":53}},"type":"cond-expr","locations":[{"start":{"line":192,"column":24},"end":{"line":192,"column":36}},{"start":{"line":192,"column":39},"end":{"line":192,"column":53}}]}},"s":{"0":2,"1":2,"2":2,"3":34,"4":34,"5":34,"6":34,"7":34,"8":6,"9":6,"10":2,"11":6,"12":1,"13":5,"14":1,"15":6,"16":2,"17":6,"18":2,"19":6,"20":6,"21":34,"22":6,"23":6,"24":2,"25":4,"26":4,"27":4,"28":4,"29":3,"30":3,"31":1,"32":2,"33":2,"34":2,"35":2,"36":2,"37":4,"38":34,"39":4,"40":4,"41":0,"42":0,"43":0,"44":5,"45":5,"46":1,"47":1,"48":1,"49":4,"50":4,"51":0,"52":0,"53":0,"54":4,"55":4,"56":0,"57":0,"58":0},"f":{"0":34,"1":6,"2":6,"3":4,"4":5,"5":4,"6":4},"b":{"0":[2],"1":[1,5],"2":[1],"3":[2],"4":[2],"5":[2],"6":[1],"7":[1,0],"8":[34,2],"9":[34,2],"10":[0],"11":[3,31],"12":[34,3],"13":[1],"14":[2,32],"15":[34,2],"16":[0],"17":[3,31],"18":[34,3],"19":[0],"20":[3,31],"21":[34,3],"22":[4,30]}}
,"/Users/nx211/Projects/github/coreyalan.me/src/hooks/useFormValidation.ts": {"path":"/Users/nx211/Projects/github/coreyalan.me/src/hooks/useFormValidation.ts","statementMap":{"0":{"start":{"line":16,"column":0},"end":{"line":16,"column":16}},"1":{"start":{"line":1,"column":0},"end":{"line":1,"column":46}},"2":{"start":{"line":2,"column":0},"end":{"line":2,"column":24}},"3":{"start":{"line":4,"column":26},"end":{"line":11,"column":2}},"4":{"start":{"line":17,"column":30},"end":{"line":22,"column":4}},"5":{"start":{"line":23,"column":30},"end":{"line":23,"column":54}},"6":{"start":{"line":24,"column":32},"end":{"line":24,"column":86}},"7":{"start":{"line":25,"column":32},"end":{"line":25,"column":47}},"8":{"start":{"line":27,"column":24},"end":{"line":38,"column":8}},"9":{"start":{"line":28,"column":4},"end":{"line":37,"column":5}},"10":{"start":{"line":29,"column":6},"end":{"line":29,"column":50}},"11":{"start":{"line":30,"column":6},"end":{"line":30,"column":59}},"12":{"start":{"line":30,"column":25},"end":{"line":30,"column":56}},"13":{"start":{"line":31,"column":6},"end":{"line":31,"column":18}},"14":{"start":{"line":33,"column":6},"end":{"line":35,"column":7}},"15":{"start":{"line":34,"column":8},"end":{"line":34,"column":75}},"16":{"start":{"line":34,"column":27},"end":{"line":34,"column":72}},"17":{"start":{"line":36,"column":6},"end":{"line":36,"column":19}},"18":{"start":{"line":40,"column":23},"end":{"line":44,"column":21}},"19":{"start":{"line":41,"column":4},"end":{"line":41,"column":53}},"20":{"start":{"line":41,"column":23},"end":{"line":41,"column":50}},"21":{"start":{"line":42,"column":4},"end":{"line":42,"column":53}},"22":{"start":{"line":42,"column":24},"end":{"line":42,"column":50}},"23":{"start":{"line":43,"column":4},"end":{"line":43,"column":32}},"24":{"start":{"line":46,"column":21},"end":{"line":48,"column":8}},"25":{"start":{"line":47,"column":4},"end":{"line":47,"column":53}},"26":{"start":{"line":47,"column":24},"end":{"line":47,"column":50}},"27":{"start":{"line":50,"column":23},"end":{"line":65,"column":14}},"28":{"start":{"line":51,"column":19},"end":{"line":51,"column":54}},"29":{"start":{"line":52,"column":4},"end":{"line":61,"column":5}},"30":{"start":{"line":53,"column":36},"end":{"line":53,"column":38}},"31":{"start":{"line":54,"column":6},"end":{"line":57,"column":9}},"32":{"start":{"line":55,"column":22},"end":{"line":55,"column":53}},"33":{"start":{"line":56,"column":8},"end":{"line":56,"column":41}},"34":{"start":{"line":58,"column":6},"end":{"line":58,"column":27}},"35":{"start":{"line":59,"column":6},"end":{"line":59,"column":24}},"36":{"start":{"line":60,"column":6},"end":{"line":60,"column":19}},"37":{"start":{"line":62,"column":4},"end":{"line":62,"column":18}},"38":{"start":{"line":63,"column":4},"end":{"line":63,"column":21}},"39":{"start":{"line":64,"column":4},"end":{"line":64,"column":16}},"40":{"start":{"line":67,"column":2},"end":{"line":76,"column":4}}},"fnMap":{"0":{"name":"useFormValidation","decl":{"start":{"line":16,"column":16},"end":{"line":16,"column":33}},"loc":{"start":{"line":16,"column":33},"end":{"line":77,"column":1}}},"1":{"name":"(anonymous_1)","decl":{"start":{"line":27,"column":36},"end":{"line":27,"column":37}},"loc":{"start":{"line":27,"column":77},"end":{"line":38,"column":3}}},"2":{"name":"(anonymous_2)","decl":{"start":{"line":30,"column":16},"end":{"line":30,"column":20}},"loc":{"start":{"line":30,"column":25},"end":{"line":30,"column":56}}},"3":{"name":"(anonymous_3)","decl":{"start":{"line":34,"column":18},"end":{"line":34,"column":22}},"loc":{"start":{"line":34,"column":27},"end":{"line":34,"column":72}}},"4":{"name":"(anonymous_4)","decl":{"start":{"line":40,"column":35},"end":{"line":40,"column":36}},"loc":{"start":{"line":40,"column":76},"end":{"line":44,"column":3}}},"5":{"name":"(anonymous_5)","decl":{"start":{"line":41,"column":14},"end":{"line":41,"column":18}},"loc":{"start":{"line":41,"column":23},"end":{"line":41,"column":50}}},"6":{"name":"(anonymous_6)","decl":{"start":{"line":42,"column":15},"end":{"line":42,"column":19}},"loc":{"start":{"line":42,"column":24},"end":{"line":42,"column":50}}},"7":{"name":"(anonymous_7)","decl":{"start":{"line":46,"column":33},"end":{"line":46,"column":34}},"loc":{"start":{"line":46,"column":59},"end":{"line":48,"column":3}}},"8":{"name":"(anonymous_8)","decl":{"start":{"line":47,"column":15},"end":{"line":47,"column":19}},"loc":{"start":{"line":47,"column":24},"end":{"line":47,"column":50}}},"9":{"name":"(anonymous_9)","decl":{"start":{"line":50,"column":35},"end":{"line":50,"column":38}},"loc":{"start":{"line":50,"column":40},"end":{"line":65,"column":3}}},"10":{"name":"(anonymous_10)","decl":{"start":{"line":54,"column":34},"end":{"line":54,"column":39}},"loc":{"start":{"line":54,"column":42},"end":{"line":57,"column":7}}}},"branchMap":{"0":{"loc":{"start":{"line":33,"column":6},"end":{"line":35,"column":7}},"type":"if","locations":[{"start":{"line":33,"column":6},"end":{"line":35,"column":7}}]},"1":{"loc":{"start":{"line":52,"column":4},"end":{"line":61,"column":5}},"type":"if","locations":[{"start":{"line":52,"column":4},"end":{"line":61,"column":5}}]}},"s":{"0":1,"1":1,"2":1,"3":1,"4":9,"5":9,"6":9,"7":9,"8":9,"9":2,"10":2,"11":1,"12":1,"13":1,"14":1,"15":1,"16":1,"17":1,"18":9,"19":2,"20":2,"21":2,"22":2,"23":2,"24":9,"25":1,"26":1,"27":9,"28":1,"29":1,"30":0,"31":0,"32":0,"33":0,"34":0,"35":0,"36":0,"37":1,"38":1,"39":1,"40":9},"f":{"0":9,"1":2,"2":1,"3":1,"4":2,"5":2,"6":2,"7":1,"8":1,"9":1,"10":0},"b":{"0":[1],"1":[0]}}
,"/Users/nx211/Projects/github/coreyalan.me/src/lib/auth-options.ts": {"path":"/Users/nx211/Projects/github/coreyalan.me/src/lib/auth-options.ts","statementMap":{"0":{"start":{"line":2,"column":0},"end":{"line":2,"column":66}},"1":{"start":{"line":4,"column":13},"end":{"line":51,"column":2}},"2":{"start":{"line":13,"column":8},"end":{"line":15,"column":9}},"3":{"start":{"line":14,"column":10},"end":{"line":14,"column":22}},"4":{"start":{"line":18,"column":8},"end":{"line":25,"column":9}},"5":{"start":{"line":19,"column":10},"end":{"line":24,"column":12}},"6":{"start":{"line":27,"column":8},"end":{"line":27,"column":20}},"7":{"start":{"line":39,"column":6},"end":{"line":41,"column":7}},"8":{"start":{"line":40,"column":8},"end":{"line":40,"column":31}},"9":{"start":{"line":42,"column":6},"end":{"line":42,"column":19}},"10":{"start":{"line":45,"column":6},"end":{"line":47,"column":7}},"11":{"start":{"line":46,"column":8},"end":{"line":46,"column":49}},"12":{"start":{"line":48,"column":6},"end":{"line":48,"column":21}}},"fnMap":{"0":{"name":"(anonymous_1)","decl":{"start":{"line":12,"column":6},"end":{"line":12,"column":11}},"loc":{"start":{"line":12,"column":33},"end":{"line":28,"column":7}}},"1":{"name":"(anonymous_2)","decl":{"start":{"line":38,"column":4},"end":{"line":38,"column":9}},"loc":{"start":{"line":38,"column":29},"end":{"line":43,"column":5}}},"2":{"name":"(anonymous_3)","decl":{"start":{"line":44,"column":4},"end":{"line":44,"column":9}},"loc":{"start":{"line":44,"column":36},"end":{"line":49,"column":5}}}},"branchMap":{"0":{"loc":{"start":{"line":13,"column":8},"end":{"line":15,"column":9}},"type":"if","locations":[{"start":{"line":13,"column":8},"end":{"line":15,"column":9}}]},"1":{"loc":{"start":{"line":13,"column":12},"end":{"line":13,"column":59}},"type":"binary-expr","locations":[{"start":{"line":13,"column":12},"end":{"line":13,"column":35}},{"start":{"line":13,"column":35},"end":{"line":13,"column":59}}]},"2":{"loc":{"start":{"line":13,"column":13},"end":{"line":13,"column":31}},"type":"cond-expr","locations":[{"start":{"line":13,"column":24},"end":{"line":13,"column":26}},{"start":{"line":13,"column":13},"end":{"line":13,"column":31}}]},"3":{"loc":{"start":{"line":13,"column":13},"end":{"line":13,"column":26}},"type":"binary-expr","locations":[{"start":{"line":13,"column":13},"end":{"line":13,"column":26}},{"start":{"line":13,"column":13},"end":{"line":13,"column":26}}]},"4":{"loc":{"start":{"line":13,"column":36},"end":{"line":13,"column":57}},"type":"cond-expr","locations":[{"start":{"line":13,"column":47},"end":{"line":13,"column":49}},{"start":{"line":13,"column":36},"end":{"line":13,"column":57}}]},"5":{"loc":{"start":{"line":13,"column":36},"end":{"line":13,"column":49}},"type":"binary-expr","locations":[{"start":{"line":13,"column":36},"end":{"line":13,"column":49}},{"start":{"line":13,"column":36},"end":{"line":13,"column":49}}]},"6":{"loc":{"start":{"line":18,"column":8},"end":{"line":25,"column":9}},"type":"if","locations":[{"start":{"line":18,"column":8},"end":{"line":25,"column":9}}]},"7":{"loc":{"start":{"line":18,"column":12},"end":{"line":18,"column":91}},"type":"binary-expr","locations":[{"start":{"line":18,"column":12},"end":{"line":18,"column":52}},{"start":{"line":18,"column":56},"end":{"line":18,"column":91}}]},"8":{"loc":{"start":{"line":39,"column":6},"end":{"line":41,"column":7}},"type":"if","locations":[{"start":{"line":39,"column":6},"end":{"line":41,"column":7}}]},"9":{"loc":{"start":{"line":45,"column":6},"end":{"line":47,"column":7}},"type":"if","locations":[{"start":{"line":45,"column":6},"end":{"line":47,"column":7}}]},"10":{"loc":{"start":{"line":46,"column":28},"end":{"line":46,"column":48}},"type":"binary-expr","locations":[{"start":{"line":46,"column":28},"end":{"line":46,"column":38}},{"start":{"line":46,"column":42},"end":{"line":46,"column":48}}]}},"s":{"0":1,"1":1,"2":0,"3":0,"4":0,"5":0,"6":0,"7":0,"8":0,"9":0,"10":0,"11":0,"12":0},"f":{"0":0,"1":0,"2":0},"b":{"0":[0],"1":[0,0],"2":[0,0],"3":[0,0],"4":[0,0],"5":[0,0],"6":[0],"7":[0,0],"8":[0],"9":[0],"10":[0,0]}}
,"/Users/nx211/Projects/github/coreyalan.me/src/lib/auth.ts": {"path":"/Users/nx211/Projects/github/coreyalan.me/src/lib/auth.ts","statementMap":{"0":{"start":{"line":5,"column":0},"end":{"line":5,"column":7}},"1":{"start":{"line":14,"column":0},"end":{"line":14,"column":7}},"2":{"start":{"line":22,"column":0},"end":{"line":22,"column":7}},"3":{"start":{"line":30,"column":0},"end":{"line":30,"column":7}},"4":{"start":{"line":51,"column":0},"end":{"line":51,"column":7}},"5":{"start":{"line":1,"column":0},"end":{"line":1,"column":45}},"6":{"start":{"line":2,"column":0},"end":{"line":2,"column":49}},"7":{"start":{"line":3,"column":0},"end":{"line":3,"column":40}},"8":{"start":{"line":6,"column":2},"end":{"line":11,"column":3}},"9":{"start":{"line":7,"column":20},"end":{"line":7,"column":55}},"10":{"start":{"line":8,"column":4},"end":{"line":8,"column":19}},"11":{"start":{"line":10,"column":4},"end":{"line":10,"column":53}},"12":{"start":{"line":15,"column":18},"end":{"line":15,"column":36}},"13":{"start":{"line":16,"column":2},"end":{"line":18,"column":3}},"14":{"start":{"line":17,"column":4},"end":{"line":17,"column":44}},"15":{"start":{"line":19,"column":2},"end":{"line":19,"column":17}},"16":{"start":{"line":23,"column":18},"end":{"line":23,"column":37}},"17":{"start":{"line":24,"column":2},"end":{"line":26,"column":3}},"18":{"start":{"line":25,"column":4},"end":{"line":25,"column":41}},"19":{"start":{"line":27,"column":2},"end":{"line":27,"column":17}},"20":{"start":{"line":31,"column":2},"end":{"line":48,"column":3}},"21":{"start":{"line":32,"column":21},"end":{"line":36,"column":6}},"22":{"start":{"line":38,"column":4},"end":{"line":40,"column":5}},"23":{"start":{"line":39,"column":6},"end":{"line":39,"column":53}},"24":{"start":{"line":42,"column":4},"end":{"line":42,"column":27}},"25":{"start":{"line":44,"column":4},"end":{"line":46,"column":5}},"26":{"start":{"line":45,"column":6},"end":{"line":45,"column":18}},"27":{"start":{"line":47,"column":4},"end":{"line":47,"column":49}},"28":{"start":{"line":52,"column":2},"end":{"line":65,"column":3}},"29":{"start":{"line":53,"column":21},"end":{"line":55,"column":6}},"30":{"start":{"line":57,"column":4},"end":{"line":59,"column":5}},"31":{"start":{"line":58,"column":6},"end":{"line":58,"column":52}},"32":{"start":{"line":61,"column":4},"end":{"line":63,"column":5}},"33":{"start":{"line":62,"column":6},"end":{"line":62,"column":18}},"34":{"start":{"line":64,"column":4},"end":{"line":64,"column":50}}},"fnMap":{"0":{"name":"getSession","decl":{"start":{"line":5,"column":22},"end":{"line":5,"column":32}},"loc":{"start":{"line":5,"column":32},"end":{"line":12,"column":1}}},"1":{"name":"requireAuth","decl":{"start":{"line":14,"column":22},"end":{"line":14,"column":33}},"loc":{"start":{"line":14,"column":33},"end":{"line":20,"column":1}}},"2":{"name":"requireAdmin","decl":{"start":{"line":22,"column":22},"end":{"line":22,"column":34}},"loc":{"start":{"line":22,"column":34},"end":{"line":28,"column":1}}},"3":{"name":"signIn","decl":{"start":{"line":30,"column":22},"end":{"line":30,"column":28}},"loc":{"start":{"line":30,"column":77},"end":{"line":49,"column":1}}},"4":{"name":"signOut","decl":{"start":{"line":51,"column":22},"end":{"line":51,"column":29}},"loc":{"start":{"line":51,"column":29},"end":{"line":66,"column":1}}}},"branchMap":{"0":{"loc":{"start":{"line":16,"column":2},"end":{"line":18,"column":3}},"type":"if","locations":[{"start":{"line":16,"column":2},"end":{"line":18,"column":3}}]},"1":{"loc":{"start":{"line":24,"column":2},"end":{"line":26,"column":3}},"type":"if","locations":[{"start":{"line":24,"column":2},"end":{"line":26,"column":3}}]},"2":{"loc":{"start":{"line":38,"column":4},"end":{"line":40,"column":5}},"type":"if","locations":[{"start":{"line":38,"column":4},"end":{"line":40,"column":5}}]},"3":{"loc":{"start":{"line":44,"column":4},"end":{"line":46,"column":5}},"type":"if","locations":[{"start":{"line":44,"column":4},"end":{"line":46,"column":5}}]},"4":{"loc":{"start":{"line":57,"column":4},"end":{"line":59,"column":5}},"type":"if","locations":[{"start":{"line":57,"column":4},"end":{"line":59,"column":5}}]},"5":{"loc":{"start":{"line":61,"column":4},"end":{"line":63,"column":5}},"type":"if","locations":[{"start":{"line":61,"column":4},"end":{"line":63,"column":5}}]}},"s":{"0":1,"1":1,"2":1,"3":1,"4":1,"5":1,"6":1,"7":1,"8":6,"9":6,"10":5,"11":1,"12":4,"13":4,"14":1,"15":3,"16":2,"17":2,"18":1,"19":1,"20":2,"21":2,"22":2,"23":1,"24":1,"25":1,"26":1,"27":0,"28":1,"29":1,"30":1,"31":0,"32":0,"33":0,"34":0},"f":{"0":6,"1":4,"2":2,"3":2,"4":1},"b":{"0":[1],"1":[1],"2":[1],"3":[1],"4":[0],"5":[0]}}
,"/Users/nx211/Projects/github/coreyalan.me/src/lib/docuseal.ts": {"path":"/Users/nx211/Projects/github/coreyalan.me/src/lib/docuseal.ts","statementMap":{"0":{"start":{"line":9,"column":0},"end":{"line":9,"column":7}},"1":{"start":{"line":1,"column":0},"end":{"line":1,"column":36}},"2":{"start":{"line":10,"column":15},"end":{"line":10,"column":43}},"3":{"start":{"line":13,"column":2},"end":{"line":15,"column":3}},"4":{"start":{"line":14,"column":4},"end":{"line":14,"column":49}},"5":{"start":{"line":18,"column":2},"end":{"line":20,"column":3}},"6":{"start":{"line":19,"column":4},"end":{"line":19,"column":46}},"7":{"start":{"line":22,"column":19},"end":{"line":28,"column":4}},"8":{"start":{"line":30,"column":2},"end":{"line":36,"column":3}},"9":{"start":{"line":31,"column":18},"end":{"line":31,"column":39}},"10":{"start":{"line":32,"column":4},"end":{"line":34,"column":5}},"11":{"start":{"line":33,"column":6},"end":{"line":33,"column":68}},"12":{"start":{"line":35,"column":4},"end":{"line":35,"column":86}},"13":{"start":{"line":38,"column":15},"end":{"line":38,"column":36}},"14":{"start":{"line":39,"column":2},"end":{"line":43,"column":4}}},"fnMap":{"0":{"name":"uploadDocument","decl":{"start":{"line":9,"column":22},"end":{"line":9,"column":36}},"loc":{"start":{"line":9,"column":55},"end":{"line":44,"column":1}}}},"branchMap":{"0":{"loc":{"start":{"line":13,"column":2},"end":{"line":15,"column":3}},"type":"if","locations":[{"start":{"line":13,"column":2},"end":{"line":15,"column":3}}]},"1":{"loc":{"start":{"line":18,"column":2},"end":{"line":20,"column":3}},"type":"if","locations":[{"start":{"line":18,"column":2},"end":{"line":20,"column":3}}]},"2":{"loc":{"start":{"line":30,"column":2},"end":{"line":36,"column":3}},"type":"if","locations":[{"start":{"line":30,"column":2},"end":{"line":36,"column":3}}]},"3":{"loc":{"start":{"line":32,"column":4},"end":{"line":34,"column":5}},"type":"if","locations":[{"start":{"line":32,"column":4},"end":{"line":34,"column":5}}]},"4":{"loc":{"start":{"line":33,"column":25},"end":{"line":33,"column":61}},"type":"binary-expr","locations":[{"start":{"line":33,"column":25},"end":{"line":33,"column":38}},{"start":{"line":33,"column":42},"end":{"line":33,"column":61}}]},"5":{"loc":{"start":{"line":35,"column":23},"end":{"line":35,"column":67}},"type":"binary-expr","locations":[{"start":{"line":35,"column":23},"end":{"line":35,"column":36}},{"start":{"line":35,"column":40},"end":{"line":35,"column":67}}]}},"s":{"0":1,"1":1,"2":3,"3":3,"4":1,"5":2,"6":1,"7":1,"8":1,"9":0,"10":0,"11":0,"12":0,"13":1,"14":1},"f":{"0":3},"b":{"0":[1],"1":[1],"2":[0],"3":[0],"4":[0,0],"5":[0,0]}}
,"/Users/nx211/Projects/github/coreyalan.me/src/lib/email.ts": {"path":"/Users/nx211/Projects/github/coreyalan.me/src/lib/email.ts","statementMap":{"0":{"start":{"line":102,"column":0},"end":{"line":102,"column":7}},"1":{"start":{"line":1,"column":0},"end":{"line":1,"column":36}},"2":{"start":{"line":2,"column":0},"end":{"line":2,"column":24}},"3":{"start":{"line":5,"column":27},"end":{"line":9,"column":2}},"4":{"start":{"line":14,"column":25},"end":{"line":22,"column":2}},"5":{"start":{"line":26,"column":4},"end":{"line":26,"column":19}},"6":{"start":{"line":25,"column":47},"end":{"line":25,"column":59}},"7":{"start":{"line":27,"column":4},"end":{"line":27,"column":29}},"8":{"start":{"line":24,"column":0},"end":{"line":24,"column":13}},"9":{"start":{"line":35,"column":19},"end":{"line":43,"column":6}},"10":{"start":{"line":45,"column":4},"end":{"line":56,"column":5}},"11":{"start":{"line":46,"column":6},"end":{"line":46,"column":37}},"12":{"start":{"line":47,"column":6},"end":{"line":47,"column":60}},"13":{"start":{"line":49,"column":6},"end":{"line":54,"column":7}},"14":{"start":{"line":50,"column":8},"end":{"line":53,"column":10}},"15":{"start":{"line":51,"column":65},"end":{"line":51,"column":74}},"16":{"start":{"line":55,"column":6},"end":{"line":55,"column":79}},"17":{"start":{"line":60,"column":4},"end":{"line":84,"column":5}},"18":{"start":{"line":62,"column":6},"end":{"line":62,"column":40}},"19":{"start":{"line":65,"column":19},"end":{"line":68,"column":8}},"20":{"start":{"line":70,"column":6},"end":{"line":72,"column":7}},"21":{"start":{"line":71,"column":8},"end":{"line":71,"column":91}},"22":{"start":{"line":74,"column":6},"end":{"line":79,"column":7}},"23":{"start":{"line":75,"column":8},"end":{"line":78,"column":10}},"24":{"start":{"line":76,"column":60},"end":{"line":76,"column":69}},"25":{"start":{"line":80,"column":6},"end":{"line":82,"column":7}},"26":{"start":{"line":81,"column":8},"end":{"line":81,"column":20}},"27":{"start":{"line":83,"column":6},"end":{"line":83,"column":94}},"28":{"start":{"line":88,"column":4},"end":{"line":95,"column":5}},"29":{"start":{"line":89,"column":6},"end":{"line":89,"column":38}},"30":{"start":{"line":91,"column":6},"end":{"line":94,"column":8}},"31":{"start":{"line":31,"column":0},"end":{"line":31,"column":13}},"32":{"start":{"line":100,"column":13},"end":{"line":100,"column":47}},"33":{"start":{"line":103,"column":22},"end":{"line":111,"column":4}},"34":{"start":{"line":113,"column":2},"end":{"line":118,"column":5}}},"fnMap":{"0":{"name":"(anonymous_1)","decl":{"start":{"line":25,"column":2},"end":{"line":25,"column":14}},"loc":{"start":{"line":25,"column":59},"end":{"line":28,"column":3}}},"1":{"name":"(anonymous_2)","decl":{"start":{"line":34,"column":2},"end":{"line":34,"column":null}},"loc":{"start":{"line":34,"column":2},"end":{"line":57,"column":3}}},"2":{"name":"(anonymous_3)","decl":{"start":{"line":51,"column":60},"end":{"line":51,"column":61}},"loc":{"start":{"line":51,"column":65},"end":{"line":51,"column":74}}},"3":{"name":"(anonymous_4)","decl":{"start":{"line":59,"column":2},"end":{"line":59,"column":7}},"loc":{"start":{"line":59,"column":39},"end":{"line":85,"column":3}}},"4":{"name":"(anonymous_5)","decl":{"start":{"line":76,"column":55},"end":{"line":76,"column":56}},"loc":{"start":{"line":76,"column":60},"end":{"line":76,"column":69}}},"5":{"name":"(anonymous_6)","decl":{"start":{"line":87,"column":2},"end":{"line":87,"column":7}},"loc":{"start":{"line":87,"column":24},"end":{"line":96,"column":3}}},"6":{"name":"sendEmail","decl":{"start":{"line":102,"column":22},"end":{"line":102,"column":31}},"loc":{"start":{"line":102,"column":67},"end":{"line":119,"column":1}}}},"branchMap":{"0":{"loc":{"start":{"line":49,"column":6},"end":{"line":54,"column":7}},"type":"if","locations":[{"start":{"line":49,"column":6},"end":{"line":54,"column":7}}]},"1":{"loc":{"start":{"line":66,"column":14},"end":{"line":66,"column":61}},"type":"binary-expr","locations":[{"start":{"line":66,"column":14},"end":{"line":66,"column":35}},{"start":{"line":66,"column":39},"end":{"line":66,"column":61}}]},"2":{"loc":{"start":{"line":70,"column":6},"end":{"line":72,"column":7}},"type":"if","locations":[{"start":{"line":70,"column":6},"end":{"line":72,"column":7}}]},"3":{"loc":{"start":{"line":74,"column":6},"end":{"line":79,"column":7}},"type":"if","locations":[{"start":{"line":74,"column":6},"end":{"line":79,"column":7}}]},"4":{"loc":{"start":{"line":80,"column":6},"end":{"line":82,"column":7}},"type":"if","locations":[{"start":{"line":80,"column":6},"end":{"line":82,"column":7}}]}},"s":{"0":1,"1":1,"2":1,"3":1,"4":1,"5":0,"6":0,"7":0,"8":1,"9":1,"10":1,"11":1,"12":1,"13":0,"14":0,"15":0,"16":0,"17":0,"18":0,"19":0,"20":0,"21":0,"22":0,"23":0,"24":0,"25":0,"26":0,"27":0,"28":0,"29":0,"30":0,"31":1,"32":1,"33":0,"34":0},"f":{"0":0,"1":1,"2":0,"3":0,"4":0,"5":0,"6":0},"b":{"0":[0],"1":[0,0],"2":[0],"3":[0],"4":[0]}}
,"/Users/nx211/Projects/github/coreyalan.me/src/lib/errors.ts": {"path":"/Users/nx211/Projects/github/coreyalan.me/src/lib/errors.ts","statementMap":{"0":{"start":{"line":3,"column":4},"end":{"line":3,"column":19}},"1":{"start":{"line":4,"column":4},"end":{"line":4,"column":29}},"2":{"start":{"line":1,"column":0},"end":{"line":1,"column":13}},"3":{"start":{"line":14,"column":4},"end":{"line":14,"column":19}},"4":{"start":{"line":11,"column":11},"end":{"line":11,"column":32}},"5":{"start":{"line":12,"column":11},"end":{"line":12,"column":24}},"6":{"start":{"line":15,"column":4},"end":{"line":15,"column":27}},"7":{"start":{"line":8,"column":0},"end":{"line":8,"column":13}}},"fnMap":{"0":{"name":"(anonymous_0)","decl":{"start":{"line":2,"column":2},"end":{"line":2,"column":14}},"loc":{"start":{"line":2,"column":29},"end":{"line":5,"column":3}}},"1":{"name":"(anonymous_1)","decl":{"start":{"line":9,"column":2},"end":{"line":9,"column":null}},"loc":{"start":{"line":12,"column":24},"end":{"line":16,"column":3}}}},"branchMap":{"0":{"loc":{"start":{"line":11,"column":11},"end":{"line":11,"column":35}},"type":"default-arg","locations":[{"start":{"line":11,"column":32},"end":{"line":11,"column":35}}]}},"s":{"0":0,"1":0,"2":3,"3":7,"4":7,"5":7,"6":7,"7":3},"f":{"0":0,"1":7},"b":{"0":[0]}}
,"/Users/nx211/Projects/github/coreyalan.me/src/middleware/api-protection.ts": {"path":"/Users/nx211/Projects/github/coreyalan.me/src/middleware/api-protection.ts","statementMap":{"0":{"start":{"line":5,"column":0},"end":{"line":5,"column":7}},"1":{"start":{"line":1,"column":0},"end":{"line":1,"column":43}},"2":{"start":{"line":3,"column":0},"end":{"line":3,"column":41}},"3":{"start":{"line":7,"column":2},"end":{"line":9,"column":3}},"4":{"start":{"line":8,"column":4},"end":{"line":8,"column":31}},"5":{"start":{"line":12,"column":16},"end":{"line":12,"column":48}},"6":{"start":{"line":15,"column":2},"end":{"line":20,"column":3}},"7":{"start":{"line":16,"column":4},"end":{"line":19,"column":6}},"8":{"start":{"line":23,"column":2},"end":{"line":28,"column":3}},"9":{"start":{"line":24,"column":4},"end":{"line":27,"column":6}},"10":{"start":{"line":30,"column":2},"end":{"line":30,"column":29}}},"fnMap":{"0":{"name":"apiProtectionMiddleware","decl":{"start":{"line":5,"column":22},"end":{"line":5,"column":45}},"loc":{"start":{"line":5,"column":66},"end":{"line":31,"column":1}}}},"branchMap":{"0":{"loc":{"start":{"line":7,"column":2},"end":{"line":9,"column":3}},"type":"if","locations":[{"start":{"line":7,"column":2},"end":{"line":9,"column":3}}]},"1":{"loc":{"start":{"line":15,"column":2},"end":{"line":20,"column":3}},"type":"if","locations":[{"start":{"line":15,"column":2},"end":{"line":20,"column":3}}]},"2":{"loc":{"start":{"line":23,"column":2},"end":{"line":28,"column":3}},"type":"if","locations":[{"start":{"line":23,"column":2},"end":{"line":28,"column":3}}]},"3":{"loc":{"start":{"line":23,"column":6},"end":{"line":23,"column":81}},"type":"binary-expr","locations":[{"start":{"line":23,"column":6},"end":{"line":23,"column":55}},{"start":{"line":23,"column":59},"end":{"line":23,"column":81}}]}},"s":{"0":1,"1":1,"2":1,"3":5,"4":1,"5":4,"6":4,"7":1,"8":3,"9":1,"10":2},"f":{"0":5},"b":{"0":[1],"1":[1],"2":[1],"3":[3,2]}}
,"/Users/nx211/Projects/github/coreyalan.me/src/middleware/csrf.ts": {"path":"/Users/nx211/Projects/github/coreyalan.me/src/middleware/csrf.ts","statementMap":{"0":{"start":{"line":5,"column":0},"end":{"line":5,"column":7}},"1":{"start":{"line":1,"column":0},"end":{"line":1,"column":43}},"2":{"start":{"line":3,"column":0},"end":{"line":3,"column":41}},"3":{"start":{"line":7,"column":2},"end":{"line":9,"column":3}},"4":{"start":{"line":8,"column":4},"end":{"line":8,"column":31}},"5":{"start":{"line":12,"column":20},"end":{"line":12,"column":55}},"6":{"start":{"line":13,"column":2},"end":{"line":15,"column":3}},"7":{"start":{"line":14,"column":4},"end":{"line":14,"column":67}},"8":{"start":{"line":18,"column":16},"end":{"line":18,"column":48}},"9":{"start":{"line":19,"column":2},"end":{"line":21,"column":3}},"10":{"start":{"line":20,"column":4},"end":{"line":20,"column":67}},"11":{"start":{"line":23,"column":2},"end":{"line":23,"column":29}}},"fnMap":{"0":{"name":"csrfMiddleware","decl":{"start":{"line":5,"column":22},"end":{"line":5,"column":36}},"loc":{"start":{"line":5,"column":57},"end":{"line":24,"column":1}}}},"branchMap":{"0":{"loc":{"start":{"line":7,"column":2},"end":{"line":9,"column":3}},"type":"if","locations":[{"start":{"line":7,"column":2},"end":{"line":9,"column":3}}]},"1":{"loc":{"start":{"line":13,"column":2},"end":{"line":15,"column":3}},"type":"if","locations":[{"start":{"line":13,"column":2},"end":{"line":15,"column":3}}]},"2":{"loc":{"start":{"line":19,"column":2},"end":{"line":21,"column":3}},"type":"if","locations":[{"start":{"line":19,"column":2},"end":{"line":21,"column":3}}]},"3":{"loc":{"start":{"line":19,"column":6},"end":{"line":19,"column":45}},"type":"binary-expr","locations":[{"start":{"line":19,"column":6},"end":{"line":19,"column":12}},{"start":{"line":19,"column":16},"end":{"line":19,"column":45}}]}},"s":{"0":1,"1":1,"2":1,"3":4,"4":1,"5":3,"6":3,"7":1,"8":2,"9":2,"10":1,"11":1},"f":{"0":4},"b":{"0":[1],"1":[1],"2":[1],"3":[2,2]}}
,"/Users/nx211/Projects/github/coreyalan.me/src/middleware/rate-limit.ts": {"path":"/Users/nx211/Projects/github/coreyalan.me/src/middleware/rate-limit.ts","statementMap":{"0":{"start":{"line":10,"column":0},"end":{"line":10,"column":7}},"1":{"start":{"line":1,"column":0},"end":{"line":1,"column":43}},"2":{"start":{"line":3,"column":0},"end":{"line":3,"column":39}},"3":{"start":{"line":5,"column":14},"end":{"line":8,"column":2}},"4":{"start":{"line":11,"column":13},"end":{"line":11,"column":38}},"5":{"start":{"line":12,"column":17},"end":{"line":12,"column":64}},"6":{"start":{"line":13,"column":22},"end":{"line":13,"column":72}},"7":{"start":{"line":15,"column":2},"end":{"line":31,"column":3}},"8":{"start":{"line":16,"column":16},"end":{"line":16,"column":34}},"9":{"start":{"line":17,"column":20},"end":{"line":17,"column":41}},"10":{"start":{"line":19,"column":4},"end":{"line":21,"column":5}},"11":{"start":{"line":20,"column":6},"end":{"line":20,"column":45}},"12":{"start":{"line":23,"column":4},"end":{"line":25,"column":5}},"13":{"start":{"line":24,"column":6},"end":{"line":24,"column":68}},"14":{"start":{"line":27,"column":4},"end":{"line":27,"column":31}},"15":{"start":{"line":29,"column":4},"end":{"line":29,"column":46}},"16":{"start":{"line":30,"column":4},"end":{"line":30,"column":31}}},"fnMap":{"0":{"name":"rateLimitMiddleware","decl":{"start":{"line":10,"column":22},"end":{"line":10,"column":41}},"loc":{"start":{"line":10,"column":62},"end":{"line":32,"column":1}}}},"branchMap":{"0":{"loc":{"start":{"line":11,"column":13},"end":{"line":11,"column":38}},"type":"cond-expr","locations":[{"start":{"line":11,"column":23},"end":{"line":11,"column":27}},{"start":{"line":11,"column":27},"end":{"line":11,"column":38}}]},"1":{"loc":{"start":{"line":11,"column":13},"end":{"line":11,"column":27}},"type":"binary-expr","locations":[{"start":{"line":11,"column":13},"end":{"line":11,"column":27}},{"start":{"line":11,"column":23},"end":{"line":11,"column":27}}]},"2":{"loc":{"start":{"line":12,"column":17},"end":{"line":12,"column":64}},"type":"binary-expr","locations":[{"start":{"line":12,"column":17},"end":{"line":12,"column":54}},{"start":{"line":12,"column":58},"end":{"line":12,"column":64}}]},"3":{"loc":{"start":{"line":13,"column":22},"end":{"line":13,"column":72}},"type":"binary-expr","locations":[{"start":{"line":13,"column":22},"end":{"line":13,"column":65}},{"start":{"line":13,"column":69},"end":{"line":13,"column":72}}]},"4":{"loc":{"start":{"line":19,"column":4},"end":{"line":21,"column":5}},"type":"if","locations":[{"start":{"line":19,"column":4},"end":{"line":21,"column":5}}]},"5":{"loc":{"start":{"line":23,"column":4},"end":{"line":25,"column":5}},"type":"if","locations":[{"start":{"line":23,"column":4},"end":{"line":25,"column":5}}]}},"s":{"0":1,"1":1,"2":1,"3":1,"4":5,"5":5,"6":5,"7":5,"8":5,"9":5,"10":5,"11":0,"12":5,"13":0,"14":5,"15":0,"16":0},"f":{"0":5},"b":{"0":[0,5],"1":[5,5],"2":[5,5],"3":[5,5],"4":[0],"5":[0]}}
}
