TN:
SF:src/app/api/contact/route.ts
FN:34,POST
FN:68,(anonymous_1)
FNF:2
FNH:1
FNDA:4,POST
FNDA:0,(anonymous_1)
DA:1,1
DA:5,1
DA:6,1
DA:8,1
DA:9,1
DA:11,1
DA:12,1
DA:13,1
DA:34,1
DA:35,4
DA:37,4
DA:38,4
DA:40,4
DA:49,0
DA:50,0
DA:52,0
DA:58,0
DA:63,0
DA:64,0
DA:68,0
DA:73,0
DA:76,0
DA:77,0
DA:86,0
DA:87,0
LF:25
LH:13
BRDA:53,0,0,0
BRDA:53,0,1,0
BRDA:63,1,0,0
BRDA:76,2,0,0
BRDA:82,3,0,0
BRDA:82,3,1,0
BRF:6
BRH:0
end_of_record
TN:
SF:src/components/forms/ContactForm.tsx
FN:21,ContactForm
FN:27,(anonymous_1)
FN:40,(anonymous_2)
FN:96,(anonymous_3)
FN:121,(anonymous_4)
FN:146,(anonymous_5)
FN:170,(anonymous_6)
FNF:7
FNH:7
FNDA:34,ContactForm
FNDA:6,(anonymous_1)
FNDA:6,(anonymous_2)
FNDA:4,(anonymous_3)
FNDA:5,(anonymous_4)
FNDA:4,(anonymous_5)
FNDA:4,(anonymous_6)
DA:3,2
DA:14,2
DA:21,2
DA:22,34
DA:23,34
DA:24,34
DA:25,34
DA:27,34
DA:28,6
DA:29,6
DA:30,6
DA:31,5
DA:32,1
DA:34,6
DA:35,6
DA:36,6
DA:37,6
DA:40,34
DA:41,6
DA:42,6
DA:44,4
DA:45,4
DA:47,4
DA:48,4
DA:56,3
DA:58,3
DA:59,1
DA:62,2
DA:63,2
DA:64,2
DA:66,2
DA:67,2
DA:69,4
DA:73,34
DA:97,4
DA:98,4
DA:99,0
DA:100,0
DA:101,0
DA:122,5
DA:123,5
DA:124,1
DA:125,1
DA:126,1
DA:147,4
DA:148,4
DA:149,0
DA:150,0
DA:151,0
DA:171,4
DA:172,4
DA:173,0
DA:174,0
DA:175,0
LF:54
LH:45
BRDA:29,0,0,2
BRDA:30,1,0,1
BRDA:30,1,1,5
BRDA:31,2,0,1
BRDA:34,3,0,2
BRDA:35,4,0,2
BRDA:42,5,0,2
BRDA:58,6,0,1
BRDA:59,7,0,1
BRDA:59,7,1,0
BRDA:75,8,0,34
BRDA:75,8,1,2
BRDA:81,9,0,34
BRDA:81,9,1,2
BRDA:98,10,0,0
BRDA:105,11,0,3
BRDA:105,11,1,31
BRDA:109,12,0,34
BRDA:109,12,1,3
BRDA:123,13,0,1
BRDA:130,14,0,2
BRDA:130,14,1,32
BRDA:134,15,0,34
BRDA:134,15,1,2
BRDA:148,16,0,0
BRDA:155,17,0,3
BRDA:155,17,1,31
BRDA:159,18,0,34
BRDA:159,18,1,3
BRDA:172,19,0,0
BRDA:180,20,0,3
BRDA:180,20,1,31
BRDA:184,21,0,34
BRDA:184,21,1,3
BRDA:192,22,0,4
BRDA:192,22,1,30
BRF:36
BRH:32
end_of_record
TN:
SF:src/hooks/useFormValidation.ts
FN:16,useFormValidation
FN:27,(anonymous_1)
FN:30,(anonymous_2)
FN:34,(anonymous_3)
FN:40,(anonymous_4)
FN:41,(anonymous_5)
FN:42,(anonymous_6)
FN:46,(anonymous_7)
FN:47,(anonymous_8)
FN:50,(anonymous_9)
FN:54,(anonymous_10)
FNF:11
FNH:10
FNDA:9,useFormValidation
FNDA:2,(anonymous_1)
FNDA:1,(anonymous_2)
FNDA:1,(anonymous_3)
FNDA:2,(anonymous_4)
FNDA:2,(anonymous_5)
FNDA:2,(anonymous_6)
FNDA:1,(anonymous_7)
FNDA:1,(anonymous_8)
FNDA:1,(anonymous_9)
FNDA:0,(anonymous_10)
DA:1,1
DA:2,1
DA:4,1
DA:16,1
DA:17,9
DA:23,9
DA:24,9
DA:25,9
DA:27,9
DA:28,2
DA:29,2
DA:30,1
DA:31,1
DA:33,1
DA:34,1
DA:36,1
DA:40,9
DA:41,2
DA:42,2
DA:43,2
DA:46,9
DA:47,1
DA:50,9
DA:51,1
DA:52,1
DA:53,0
DA:54,0
DA:55,0
DA:56,0
DA:58,0
DA:59,0
DA:60,0
DA:62,1
DA:63,1
DA:64,1
DA:67,9
LF:36
LH:29
BRDA:33,0,0,1
BRDA:52,1,0,0
BRF:2
BRH:1
end_of_record
TN:
SF:src/lib/auth-options.ts
FN:12,(anonymous_1)
FN:38,(anonymous_2)
FN:44,(anonymous_3)
FNF:3
FNH:0
FNDA:0,(anonymous_1)
FNDA:0,(anonymous_2)
FNDA:0,(anonymous_3)
DA:2,1
DA:4,1
DA:13,0
DA:14,0
DA:18,0
DA:19,0
DA:27,0
DA:39,0
DA:40,0
DA:42,0
DA:45,0
DA:46,0
DA:48,0
LF:13
LH:2
BRDA:13,0,0,0
BRDA:13,1,0,0
BRDA:13,1,1,0
BRDA:13,2,0,0
BRDA:13,2,1,0
BRDA:13,3,0,0
BRDA:13,3,1,0
BRDA:13,4,0,0
BRDA:13,4,1,0
BRDA:13,5,0,0
BRDA:13,5,1,0
BRDA:18,6,0,0
BRDA:18,7,0,0
BRDA:18,7,1,0
BRDA:39,8,0,0
BRDA:45,9,0,0
BRDA:46,10,0,0
BRDA:46,10,1,0
BRF:18
BRH:0
end_of_record
TN:
SF:src/lib/auth.ts
FN:5,getSession
FN:14,requireAuth
FN:22,requireAdmin
FN:30,signIn
FN:51,signOut
FNF:5
FNH:5
FNDA:6,getSession
FNDA:4,requireAuth
FNDA:2,requireAdmin
FNDA:2,signIn
FNDA:1,signOut
DA:1,1
DA:2,1
DA:3,1
DA:5,1
DA:6,6
DA:7,6
DA:8,5
DA:10,1
DA:14,1
DA:15,4
DA:16,4
DA:17,1
DA:19,3
DA:22,1
DA:23,2
DA:24,2
DA:25,1
DA:27,1
DA:30,1
DA:31,2
DA:32,2
DA:38,2
DA:39,1
DA:42,1
DA:44,1
DA:45,1
DA:47,0
DA:51,1
DA:52,1
DA:53,1
DA:57,1
DA:58,0
DA:61,0
DA:62,0
DA:64,0
LF:35
LH:30
BRDA:16,0,0,1
BRDA:24,1,0,1
BRDA:38,2,0,1
BRDA:44,3,0,1
BRDA:57,4,0,0
BRDA:61,5,0,0
BRF:6
BRH:4
end_of_record
TN:
SF:src/lib/docuseal.ts
FN:9,uploadDocument
FNF:1
FNH:1
FNDA:3,uploadDocument
DA:1,1
DA:9,1
DA:10,3
DA:13,3
DA:14,1
DA:18,2
DA:19,1
DA:22,1
DA:30,1
DA:31,0
DA:32,0
DA:33,0
DA:35,0
DA:38,1
DA:39,1
LF:15
LH:11
BRDA:13,0,0,1
BRDA:18,1,0,1
BRDA:30,2,0,0
BRDA:32,3,0,0
BRDA:33,4,0,0
BRDA:33,4,1,0
BRDA:35,5,0,0
BRDA:35,5,1,0
BRF:8
BRH:2
end_of_record
TN:
SF:src/lib/email.ts
FN:25,(anonymous_1)
FN:34,(anonymous_2)
FN:51,(anonymous_3)
FN:59,(anonymous_4)
FN:76,(anonymous_5)
FN:87,(anonymous_6)
FN:102,sendEmail
FNF:7
FNH:1
FNDA:0,(anonymous_1)
FNDA:1,(anonymous_2)
FNDA:0,(anonymous_3)
FNDA:0,(anonymous_4)
FNDA:0,(anonymous_5)
FNDA:0,(anonymous_6)
FNDA:0,sendEmail
DA:1,1
DA:2,1
DA:5,1
DA:14,1
DA:24,1
DA:25,0
DA:26,0
DA:27,0
DA:31,1
DA:35,1
DA:45,1
DA:46,1
DA:47,1
DA:49,0
DA:50,0
DA:51,0
DA:55,0
DA:60,0
DA:62,0
DA:65,0
DA:70,0
DA:71,0
DA:74,0
DA:75,0
DA:76,0
DA:80,0
DA:81,0
DA:83,0
DA:88,0
DA:89,0
DA:91,0
DA:100,1
DA:102,1
DA:103,0
DA:113,0
LF:35
LH:12
BRDA:49,0,0,0
BRDA:66,1,0,0
BRDA:66,1,1,0
BRDA:70,2,0,0
BRDA:74,3,0,0
BRDA:80,4,0,0
BRF:6
BRH:0
end_of_record
TN:
SF:src/lib/errors.ts
FN:2,(anonymous_0)
FN:9,(anonymous_1)
FNF:2
FNH:1
FNDA:0,(anonymous_0)
FNDA:7,(anonymous_1)
DA:1,3
DA:3,0
DA:4,0
DA:8,3
DA:11,7
DA:12,7
DA:14,7
DA:15,7
LF:8
LH:6
BRDA:11,0,0,0
BRF:1
BRH:0
end_of_record
TN:
SF:src/middleware/api-protection.ts
FN:5,apiProtectionMiddleware
FNF:1
FNH:1
FNDA:5,apiProtectionMiddleware
DA:1,1
DA:3,1
DA:5,1
DA:7,5
DA:8,1
DA:12,4
DA:15,4
DA:16,1
DA:23,3
DA:24,1
DA:30,2
LF:11
LH:11
BRDA:7,0,0,1
BRDA:15,1,0,1
BRDA:23,2,0,1
BRDA:23,3,0,3
BRDA:23,3,1,2
BRF:5
BRH:5
end_of_record
TN:
SF:src/middleware/csrf.ts
FN:5,csrfMiddleware
FNF:1
FNH:1
FNDA:4,csrfMiddleware
DA:1,1
DA:3,1
DA:5,1
DA:7,4
DA:8,1
DA:12,3
DA:13,3
DA:14,1
DA:18,2
DA:19,2
DA:20,1
DA:23,1
LF:12
LH:12
BRDA:7,0,0,1
BRDA:13,1,0,1
BRDA:19,2,0,1
BRDA:19,3,0,2
BRDA:19,3,1,2
BRF:5
BRH:5
end_of_record
TN:
SF:src/middleware/rate-limit.ts
FN:10,rateLimitMiddleware
FNF:1
FNH:1
FNDA:5,rateLimitMiddleware
DA:1,1
DA:3,1
DA:5,1
DA:10,1
DA:11,5
DA:12,5
DA:13,5
DA:15,5
DA:16,5
DA:17,5
DA:19,5
DA:20,0
DA:23,5
DA:24,0
DA:27,5
DA:29,0
DA:30,0
LF:17
LH:13
BRDA:11,0,0,0
BRDA:11,0,1,5
BRDA:11,1,0,5
BRDA:11,1,1,5
BRDA:12,2,0,5
BRDA:12,2,1,5
BRDA:13,3,0,5
BRDA:13,3,1,5
BRDA:19,4,0,0
BRDA:23,5,0,0
BRF:10
BRH:7
end_of_record
